Started GET "/" for 127.0.0.1 at 2018-08-21 19:44:46 -0300
Processing by Rails::WelcomeController#index as HTML
  Rendering /Users/lsanchez/.rvm/gems/ruby-2.3.3/gems/railties-5.2.1/lib/rails/templates/rails/welcome/index.html.erb
  Rendered /Users/lsanchez/.rvm/gems/ruby-2.3.3/gems/railties-5.2.1/lib/rails/templates/rails/welcome/index.html.erb (3.9ms)
Completed 200 OK in 21ms (Views: 11.3ms | ActiveRecord: 0.0ms)


Started GET "/" for 127.0.0.1 at 2018-08-21 19:48:36 -0300
Processing by PagesController#one as HTML
  Rendering pages/one.html.erb within layouts/application
  Rendered pages/one.html.erb within layouts/application (0.3ms)
Completed 200 OK in 385ms (Views: 381.8ms | ActiveRecord: 0.0ms)


Started GET "/" for 127.0.0.1 at 2018-08-21 19:52:13 -0300
Processing by PagesController#one as HTML
  Rendering pages/one.html.erb within layouts/application
  Rendered pages/one.html.erb within layouts/application (0.6ms)
Completed 200 OK in 48ms (Views: 44.9ms | ActiveRecord: 0.0ms)


Started GET "/pages/two" for 127.0.0.1 at 2018-08-21 19:56:58 -0300
Processing by PagesController#two as HTML
  Rendering pages/two.html.erb within layouts/application
  Rendered pages/two.html.erb within layouts/application (0.4ms)
Completed 200 OK in 92ms (Views: 89.8ms | ActiveRecord: 0.0ms)


  
ActionController::RoutingError (No route matches [GET] "/assets/images/rutas.png"):
  
actionpack (5.2.1) lib/action_dispatch/middleware/debug_exceptions.rb:65:in `call'
web-console (3.6.2) lib/web_console/middleware.rb:135:in `call_app'
web-console (3.6.2) lib/web_console/middleware.rb:30:in `block in call'
web-console (3.6.2) lib/web_console/middleware.rb:20:in `catch'
web-console (3.6.2) lib/web_console/middleware.rb:20:in `call'
actionpack (5.2.1) lib/action_dispatch/middleware/show_exceptions.rb:33:in `call'
railties (5.2.1) lib/rails/rack/logger.rb:38:in `call_app'
railties (5.2.1) lib/rails/rack/logger.rb:26:in `block in call'
activesupport (5.2.1) lib/active_support/tagged_logging.rb:71:in `block in tagged'
activesupport (5.2.1) lib/active_support/tagged_logging.rb:28:in `tagged'
activesupport (5.2.1) lib/active_support/tagged_logging.rb:71:in `tagged'
railties (5.2.1) lib/rails/rack/logger.rb:26:in `call'
sprockets-rails (3.2.1) lib/sprockets/rails/quiet_assets.rb:11:in `block in call'
activesupport (5.2.1) lib/active_support/logger_silence.rb:21:in `silence'
activesupport (5.2.1) lib/active_support/logger.rb:65:in `block (3 levels) in broadcast'
activesupport (5.2.1) lib/active_support/logger_silence.rb:21:in `silence'
activesupport (5.2.1) lib/active_support/logger.rb:63:in `block (2 levels) in broadcast'
sprockets-rails (3.2.1) lib/sprockets/rails/quiet_assets.rb:11:in `call'
actionpack (5.2.1) lib/action_dispatch/middleware/remote_ip.rb:81:in `call'
actionpack (5.2.1) lib/action_dispatch/middleware/request_id.rb:27:in `call'
rack (2.0.5) lib/rack/method_override.rb:22:in `call'
rack (2.0.5) lib/rack/runtime.rb:22:in `call'
activesupport (5.2.1) lib/active_support/cache/strategy/local_cache_middleware.rb:29:in `call'
actionpack (5.2.1) lib/action_dispatch/middleware/executor.rb:14:in `call'
actionpack (5.2.1) lib/action_dispatch/middleware/static.rb:127:in `call'
rack (2.0.5) lib/rack/sendfile.rb:111:in `call'
railties (5.2.1) lib/rails/engine.rb:524:in `call'
puma (3.12.0) lib/puma/configuration.rb:225:in `call'
puma (3.12.0) lib/puma/server.rb:658:in `handle_request'
puma (3.12.0) lib/puma/server.rb:472:in `process_client'
puma (3.12.0) lib/puma/server.rb:332:in `block in run'
puma (3.12.0) lib/puma/thread_pool.rb:133:in `block in spawn_thread'
  
ActionController::RoutingError (No route matches [GET] "/assets/images/rutas.png"):
  
actionpack (5.2.1) lib/action_dispatch/middleware/debug_exceptions.rb:65:in `call'
web-console (3.6.2) lib/web_console/middleware.rb:135:in `call_app'
web-console (3.6.2) lib/web_console/middleware.rb:30:in `block in call'
web-console (3.6.2) lib/web_console/middleware.rb:20:in `catch'
web-console (3.6.2) lib/web_console/middleware.rb:20:in `call'
actionpack (5.2.1) lib/action_dispatch/middleware/show_exceptions.rb:33:in `call'
railties (5.2.1) lib/rails/rack/logger.rb:38:in `call_app'
railties (5.2.1) lib/rails/rack/logger.rb:26:in `block in call'
activesupport (5.2.1) lib/active_support/tagged_logging.rb:71:in `block in tagged'
activesupport (5.2.1) lib/active_support/tagged_logging.rb:28:in `tagged'
activesupport (5.2.1) lib/active_support/tagged_logging.rb:71:in `tagged'
railties (5.2.1) lib/rails/rack/logger.rb:26:in `call'
sprockets-rails (3.2.1) lib/sprockets/rails/quiet_assets.rb:11:in `block in call'
activesupport (5.2.1) lib/active_support/logger_silence.rb:21:in `silence'
activesupport (5.2.1) lib/active_support/logger.rb:65:in `block (3 levels) in broadcast'
activesupport (5.2.1) lib/active_support/logger_silence.rb:21:in `silence'
activesupport (5.2.1) lib/active_support/logger.rb:63:in `block (2 levels) in broadcast'
sprockets-rails (3.2.1) lib/sprockets/rails/quiet_assets.rb:11:in `call'
actionpack (5.2.1) lib/action_dispatch/middleware/remote_ip.rb:81:in `call'
actionpack (5.2.1) lib/action_dispatch/middleware/request_id.rb:27:in `call'
rack (2.0.5) lib/rack/method_override.rb:22:in `call'
rack (2.0.5) lib/rack/runtime.rb:22:in `call'
activesupport (5.2.1) lib/active_support/cache/strategy/local_cache_middleware.rb:29:in `call'
actionpack (5.2.1) lib/action_dispatch/middleware/executor.rb:14:in `call'
actionpack (5.2.1) lib/action_dispatch/middleware/static.rb:127:in `call'
rack (2.0.5) lib/rack/sendfile.rb:111:in `call'
railties (5.2.1) lib/rails/engine.rb:524:in `call'
puma (3.12.0) lib/puma/configuration.rb:225:in `call'
puma (3.12.0) lib/puma/server.rb:658:in `handle_request'
puma (3.12.0) lib/puma/server.rb:472:in `process_client'
puma (3.12.0) lib/puma/server.rb:332:in `block in run'
puma (3.12.0) lib/puma/thread_pool.rb:133:in `block in spawn_thread'
Started GET "/pages/app/assets/images/rutas.png" for 127.0.0.1 at 2018-08-21 19:58:04 -0300
  
ActionController::RoutingError (No route matches [GET] "/pages/app/assets/images/rutas.png"):
  
actionpack (5.2.1) lib/action_dispatch/middleware/debug_exceptions.rb:65:in `call'
web-console (3.6.2) lib/web_console/middleware.rb:135:in `call_app'
web-console (3.6.2) lib/web_console/middleware.rb:30:in `block in call'
web-console (3.6.2) lib/web_console/middleware.rb:20:in `catch'
web-console (3.6.2) lib/web_console/middleware.rb:20:in `call'
actionpack (5.2.1) lib/action_dispatch/middleware/show_exceptions.rb:33:in `call'
railties (5.2.1) lib/rails/rack/logger.rb:38:in `call_app'
railties (5.2.1) lib/rails/rack/logger.rb:26:in `block in call'
activesupport (5.2.1) lib/active_support/tagged_logging.rb:71:in `block in tagged'
activesupport (5.2.1) lib/active_support/tagged_logging.rb:28:in `tagged'
activesupport (5.2.1) lib/active_support/tagged_logging.rb:71:in `tagged'
railties (5.2.1) lib/rails/rack/logger.rb:26:in `call'
sprockets-rails (3.2.1) lib/sprockets/rails/quiet_assets.rb:13:in `call'
actionpack (5.2.1) lib/action_dispatch/middleware/remote_ip.rb:81:in `call'
actionpack (5.2.1) lib/action_dispatch/middleware/request_id.rb:27:in `call'
rack (2.0.5) lib/rack/method_override.rb:22:in `call'
rack (2.0.5) lib/rack/runtime.rb:22:in `call'
activesupport (5.2.1) lib/active_support/cache/strategy/local_cache_middleware.rb:29:in `call'
actionpack (5.2.1) lib/action_dispatch/middleware/executor.rb:14:in `call'
actionpack (5.2.1) lib/action_dispatch/middleware/static.rb:127:in `call'
rack (2.0.5) lib/rack/sendfile.rb:111:in `call'
railties (5.2.1) lib/rails/engine.rb:524:in `call'
puma (3.12.0) lib/puma/configuration.rb:225:in `call'
puma (3.12.0) lib/puma/server.rb:658:in `handle_request'
puma (3.12.0) lib/puma/server.rb:472:in `process_client'
puma (3.12.0) lib/puma/server.rb:332:in `block in run'
puma (3.12.0) lib/puma/thread_pool.rb:133:in `block in spawn_thread'
Started GET "/app/assets/images/rutas.png" for 127.0.0.1 at 2018-08-21 19:58:47 -0300
  
ActionController::RoutingError (No route matches [GET] "/app/assets/images/rutas.png"):
  
actionpack (5.2.1) lib/action_dispatch/middleware/debug_exceptions.rb:65:in `call'
web-console (3.6.2) lib/web_console/middleware.rb:135:in `call_app'
web-console (3.6.2) lib/web_console/middleware.rb:30:in `block in call'
web-console (3.6.2) lib/web_console/middleware.rb:20:in `catch'
web-console (3.6.2) lib/web_console/middleware.rb:20:in `call'
actionpack (5.2.1) lib/action_dispatch/middleware/show_exceptions.rb:33:in `call'
railties (5.2.1) lib/rails/rack/logger.rb:38:in `call_app'
railties (5.2.1) lib/rails/rack/logger.rb:26:in `block in call'
activesupport (5.2.1) lib/active_support/tagged_logging.rb:71:in `block in tagged'
activesupport (5.2.1) lib/active_support/tagged_logging.rb:28:in `tagged'
activesupport (5.2.1) lib/active_support/tagged_logging.rb:71:in `tagged'
railties (5.2.1) lib/rails/rack/logger.rb:26:in `call'
sprockets-rails (3.2.1) lib/sprockets/rails/quiet_assets.rb:13:in `call'
actionpack (5.2.1) lib/action_dispatch/middleware/remote_ip.rb:81:in `call'
actionpack (5.2.1) lib/action_dispatch/middleware/request_id.rb:27:in `call'
rack (2.0.5) lib/rack/method_override.rb:22:in `call'
rack (2.0.5) lib/rack/runtime.rb:22:in `call'
activesupport (5.2.1) lib/active_support/cache/strategy/local_cache_middleware.rb:29:in `call'
actionpack (5.2.1) lib/action_dispatch/middleware/executor.rb:14:in `call'
actionpack (5.2.1) lib/action_dispatch/middleware/static.rb:127:in `call'
rack (2.0.5) lib/rack/sendfile.rb:111:in `call'
railties (5.2.1) lib/rails/engine.rb:524:in `call'
puma (3.12.0) lib/puma/configuration.rb:225:in `call'
puma (3.12.0) lib/puma/server.rb:658:in `handle_request'
puma (3.12.0) lib/puma/server.rb:472:in `process_client'
puma (3.12.0) lib/puma/server.rb:332:in `block in run'
puma (3.12.0) lib/puma/thread_pool.rb:133:in `block in spawn_thread'
Started GET "/app/assets/images/rutas.png" for 127.0.0.1 at 2018-08-21 19:58:56 -0300
  
ActionController::RoutingError (No route matches [GET] "/app/assets/images/rutas.png"):
  
actionpack (5.2.1) lib/action_dispatch/middleware/debug_exceptions.rb:65:in `call'
web-console (3.6.2) lib/web_console/middleware.rb:135:in `call_app'
web-console (3.6.2) lib/web_console/middleware.rb:30:in `block in call'
web-console (3.6.2) lib/web_console/middleware.rb:20:in `catch'
web-console (3.6.2) lib/web_console/middleware.rb:20:in `call'
actionpack (5.2.1) lib/action_dispatch/middleware/show_exceptions.rb:33:in `call'
railties (5.2.1) lib/rails/rack/logger.rb:38:in `call_app'
railties (5.2.1) lib/rails/rack/logger.rb:26:in `block in call'
activesupport (5.2.1) lib/active_support/tagged_logging.rb:71:in `block in tagged'
activesupport (5.2.1) lib/active_support/tagged_logging.rb:28:in `tagged'
activesupport (5.2.1) lib/active_support/tagged_logging.rb:71:in `tagged'
railties (5.2.1) lib/rails/rack/logger.rb:26:in `call'
sprockets-rails (3.2.1) lib/sprockets/rails/quiet_assets.rb:13:in `call'
actionpack (5.2.1) lib/action_dispatch/middleware/remote_ip.rb:81:in `call'
actionpack (5.2.1) lib/action_dispatch/middleware/request_id.rb:27:in `call'
rack (2.0.5) lib/rack/method_override.rb:22:in `call'
rack (2.0.5) lib/rack/runtime.rb:22:in `call'
activesupport (5.2.1) lib/active_support/cache/strategy/local_cache_middleware.rb:29:in `call'
actionpack (5.2.1) lib/action_dispatch/middleware/executor.rb:14:in `call'
actionpack (5.2.1) lib/action_dispatch/middleware/static.rb:127:in `call'
rack (2.0.5) lib/rack/sendfile.rb:111:in `call'
railties (5.2.1) lib/rails/engine.rb:524:in `call'
puma (3.12.0) lib/puma/configuration.rb:225:in `call'
puma (3.12.0) lib/puma/server.rb:658:in `handle_request'
puma (3.12.0) lib/puma/server.rb:472:in `process_client'
puma (3.12.0) lib/puma/server.rb:332:in `block in run'
puma (3.12.0) lib/puma/thread_pool.rb:133:in `block in spawn_thread'
Started GET "/pages/two" for 127.0.0.1 at 2018-08-21 19:59:36 -0300
Processing by PagesController#two as HTML
  Rendering pages/two.html.erb within layouts/application
  Rendered pages/two.html.erb within layouts/application (0.4ms)
Completed 200 OK in 34ms (Views: 31.0ms | ActiveRecord: 0.0ms)


Started GET "/Users/lsanchez/project/E11CP1A1/first_app/app/assets/images/rutas.png" for 127.0.0.1 at 2018-08-21 19:59:36 -0300
  
ActionController::RoutingError (No route matches [GET] "/Users/lsanchez/project/E11CP1A1/first_app/app/assets/images/rutas.png"):
  
actionpack (5.2.1) lib/action_dispatch/middleware/debug_exceptions.rb:65:in `call'
web-console (3.6.2) lib/web_console/middleware.rb:135:in `call_app'
web-console (3.6.2) lib/web_console/middleware.rb:30:in `block in call'
web-console (3.6.2) lib/web_console/middleware.rb:20:in `catch'
web-console (3.6.2) lib/web_console/middleware.rb:20:in `call'
actionpack (5.2.1) lib/action_dispatch/middleware/show_exceptions.rb:33:in `call'
railties (5.2.1) lib/rails/rack/logger.rb:38:in `call_app'
railties (5.2.1) lib/rails/rack/logger.rb:26:in `block in call'
activesupport (5.2.1) lib/active_support/tagged_logging.rb:71:in `block in tagged'
activesupport (5.2.1) lib/active_support/tagged_logging.rb:28:in `tagged'
activesupport (5.2.1) lib/active_support/tagged_logging.rb:71:in `tagged'
railties (5.2.1) lib/rails/rack/logger.rb:26:in `call'
sprockets-rails (3.2.1) lib/sprockets/rails/quiet_assets.rb:13:in `call'
actionpack (5.2.1) lib/action_dispatch/middleware/remote_ip.rb:81:in `call'
actionpack (5.2.1) lib/action_dispatch/middleware/request_id.rb:27:in `call'
rack (2.0.5) lib/rack/method_override.rb:22:in `call'
rack (2.0.5) lib/rack/runtime.rb:22:in `call'
activesupport (5.2.1) lib/active_support/cache/strategy/local_cache_middleware.rb:29:in `call'
actionpack (5.2.1) lib/action_dispatch/middleware/executor.rb:14:in `call'
actionpack (5.2.1) lib/action_dispatch/middleware/static.rb:127:in `call'
rack (2.0.5) lib/rack/sendfile.rb:111:in `call'
railties (5.2.1) lib/rails/engine.rb:524:in `call'
puma (3.12.0) lib/puma/configuration.rb:225:in `call'
puma (3.12.0) lib/puma/server.rb:658:in `handle_request'
puma (3.12.0) lib/puma/server.rb:472:in `process_client'
puma (3.12.0) lib/puma/server.rb:332:in `block in run'
puma (3.12.0) lib/puma/thread_pool.rb:133:in `block in spawn_thread'
Started GET "/pages/rutas.png" for 127.0.0.1 at 2018-08-21 20:02:17 -0300
  
ActionController::RoutingError (No route matches [GET] "/pages/rutas.png"):
  
actionpack (5.2.1) lib/action_dispatch/middleware/debug_exceptions.rb:65:in `call'
web-console (3.6.2) lib/web_console/middleware.rb:135:in `call_app'
web-console (3.6.2) lib/web_console/middleware.rb:30:in `block in call'
web-console (3.6.2) lib/web_console/middleware.rb:20:in `catch'
web-console (3.6.2) lib/web_console/middleware.rb:20:in `call'
actionpack (5.2.1) lib/action_dispatch/middleware/show_exceptions.rb:33:in `call'
railties (5.2.1) lib/rails/rack/logger.rb:38:in `call_app'
railties (5.2.1) lib/rails/rack/logger.rb:26:in `block in call'
activesupport (5.2.1) lib/active_support/tagged_logging.rb:71:in `block in tagged'
activesupport (5.2.1) lib/active_support/tagged_logging.rb:28:in `tagged'
activesupport (5.2.1) lib/active_support/tagged_logging.rb:71:in `tagged'
railties (5.2.1) lib/rails/rack/logger.rb:26:in `call'
sprockets-rails (3.2.1) lib/sprockets/rails/quiet_assets.rb:13:in `call'
actionpack (5.2.1) lib/action_dispatch/middleware/remote_ip.rb:81:in `call'
actionpack (5.2.1) lib/action_dispatch/middleware/request_id.rb:27:in `call'
rack (2.0.5) lib/rack/method_override.rb:22:in `call'
rack (2.0.5) lib/rack/runtime.rb:22:in `call'
activesupport (5.2.1) lib/active_support/cache/strategy/local_cache_middleware.rb:29:in `call'
actionpack (5.2.1) lib/action_dispatch/middleware/executor.rb:14:in `call'
actionpack (5.2.1) lib/action_dispatch/middleware/static.rb:127:in `call'
rack (2.0.5) lib/rack/sendfile.rb:111:in `call'
railties (5.2.1) lib/rails/engine.rb:524:in `call'
puma (3.12.0) lib/puma/configuration.rb:225:in `call'
puma (3.12.0) lib/puma/server.rb:658:in `handle_request'
puma (3.12.0) lib/puma/server.rb:472:in `process_client'
puma (3.12.0) lib/puma/server.rb:332:in `block in run'
puma (3.12.0) lib/puma/thread_pool.rb:133:in `block in spawn_thread'
Started GET "/pages/two" for 127.0.0.1 at 2018-08-21 20:08:20 -0300
Processing by PagesController#two as HTML
  Rendering pages/two.html.erb within layouts/application
  Rendered pages/two.html.erb within layouts/application (0.6ms)
Completed 200 OK in 37ms (Views: 34.4ms | ActiveRecord: 0.0ms)


Started GET "/Users/lsanchez/project/E11CP1A1/first_app/app/assets/images/rutas.png" for 127.0.0.1 at 2018-08-21 20:08:20 -0300
  
ActionController::RoutingError (No route matches [GET] "/Users/lsanchez/project/E11CP1A1/first_app/app/assets/images/rutas.png"):
  
actionpack (5.2.1) lib/action_dispatch/middleware/debug_exceptions.rb:65:in `call'
web-console (3.6.2) lib/web_console/middleware.rb:135:in `call_app'
web-console (3.6.2) lib/web_console/middleware.rb:30:in `block in call'
web-console (3.6.2) lib/web_console/middleware.rb:20:in `catch'
web-console (3.6.2) lib/web_console/middleware.rb:20:in `call'
actionpack (5.2.1) lib/action_dispatch/middleware/show_exceptions.rb:33:in `call'
railties (5.2.1) lib/rails/rack/logger.rb:38:in `call_app'
railties (5.2.1) lib/rails/rack/logger.rb:26:in `block in call'
activesupport (5.2.1) lib/active_support/tagged_logging.rb:71:in `block in tagged'
activesupport (5.2.1) lib/active_support/tagged_logging.rb:28:in `tagged'
activesupport (5.2.1) lib/active_support/tagged_logging.rb:71:in `tagged'
railties (5.2.1) lib/rails/rack/logger.rb:26:in `call'
sprockets-rails (3.2.1) lib/sprockets/rails/quiet_assets.rb:13:in `call'
actionpack (5.2.1) lib/action_dispatch/middleware/remote_ip.rb:81:in `call'
actionpack (5.2.1) lib/action_dispatch/middleware/request_id.rb:27:in `call'
rack (2.0.5) lib/rack/method_override.rb:22:in `call'
rack (2.0.5) lib/rack/runtime.rb:22:in `call'
activesupport (5.2.1) lib/active_support/cache/strategy/local_cache_middleware.rb:29:in `call'
actionpack (5.2.1) lib/action_dispatch/middleware/executor.rb:14:in `call'
actionpack (5.2.1) lib/action_dispatch/middleware/static.rb:127:in `call'
rack (2.0.5) lib/rack/sendfile.rb:111:in `call'
railties (5.2.1) lib/rails/engine.rb:524:in `call'
puma (3.12.0) lib/puma/configuration.rb:225:in `call'
puma (3.12.0) lib/puma/server.rb:658:in `handle_request'
puma (3.12.0) lib/puma/server.rb:472:in `process_client'
puma (3.12.0) lib/puma/server.rb:332:in `block in run'
puma (3.12.0) lib/puma/thread_pool.rb:133:in `block in spawn_thread'
Started GET "/pages/two" for 127.0.0.1 at 2018-08-21 20:09:06 -0300
Processing by PagesController#two as HTML
  Rendering pages/two.html.erb within layouts/application
  Rendered pages/two.html.erb within layouts/application (39.2ms)
Completed 200 OK in 66ms (Views: 63.3ms | ActiveRecord: 0.0ms)


Started GET "/pages/two" for 127.0.0.1 at 2018-08-21 20:12:49 -0300
Processing by PagesController#two as HTML
  Rendering pages/two.html.erb within layouts/application
  Rendered pages/two.html.erb within layouts/application (0.4ms)
Completed 200 OK in 41ms (Views: 37.1ms | ActiveRecord: 0.0ms)


Started GET "/pages/rutas.png" for 127.0.0.1 at 2018-08-21 20:12:49 -0300
  
ActionController::RoutingError (No route matches [GET] "/pages/rutas.png"):
  
actionpack (5.2.1) lib/action_dispatch/middleware/debug_exceptions.rb:65:in `call'
web-console (3.6.2) lib/web_console/middleware.rb:135:in `call_app'
web-console (3.6.2) lib/web_console/middleware.rb:30:in `block in call'
web-console (3.6.2) lib/web_console/middleware.rb:20:in `catch'
web-console (3.6.2) lib/web_console/middleware.rb:20:in `call'
actionpack (5.2.1) lib/action_dispatch/middleware/show_exceptions.rb:33:in `call'
railties (5.2.1) lib/rails/rack/logger.rb:38:in `call_app'
railties (5.2.1) lib/rails/rack/logger.rb:26:in `block in call'
activesupport (5.2.1) lib/active_support/tagged_logging.rb:71:in `block in tagged'
activesupport (5.2.1) lib/active_support/tagged_logging.rb:28:in `tagged'
activesupport (5.2.1) lib/active_support/tagged_logging.rb:71:in `tagged'
railties (5.2.1) lib/rails/rack/logger.rb:26:in `call'
sprockets-rails (3.2.1) lib/sprockets/rails/quiet_assets.rb:13:in `call'
actionpack (5.2.1) lib/action_dispatch/middleware/remote_ip.rb:81:in `call'
actionpack (5.2.1) lib/action_dispatch/middleware/request_id.rb:27:in `call'
rack (2.0.5) lib/rack/method_override.rb:22:in `call'
rack (2.0.5) lib/rack/runtime.rb:22:in `call'
activesupport (5.2.1) lib/active_support/cache/strategy/local_cache_middleware.rb:29:in `call'
actionpack (5.2.1) lib/action_dispatch/middleware/executor.rb:14:in `call'
actionpack (5.2.1) lib/action_dispatch/middleware/static.rb:127:in `call'
rack (2.0.5) lib/rack/sendfile.rb:111:in `call'
railties (5.2.1) lib/rails/engine.rb:524:in `call'
puma (3.12.0) lib/puma/configuration.rb:225:in `call'
puma (3.12.0) lib/puma/server.rb:658:in `handle_request'
puma (3.12.0) lib/puma/server.rb:472:in `process_client'
puma (3.12.0) lib/puma/server.rb:332:in `block in run'
puma (3.12.0) lib/puma/thread_pool.rb:133:in `block in spawn_thread'
Started GET "/pages/two" for 127.0.0.1 at 2018-08-21 20:13:17 -0300
Processing by PagesController#two as HTML
  Rendering pages/two.html.erb within layouts/application
  Rendered pages/two.html.erb within layouts/application (0.4ms)
Completed 200 OK in 26ms (Views: 23.5ms | ActiveRecord: 0.0ms)


Started GET "/pages/two" for 127.0.0.1 at 2018-08-21 20:13:56 -0300
Processing by PagesController#two as HTML
  Rendering pages/two.html.erb within layouts/application
  Rendered pages/two.html.erb within layouts/application (0.3ms)
Completed 200 OK in 28ms (Views: 23.1ms | ActiveRecord: 0.0ms)


Started GET "/pages/two" for 127.0.0.1 at 2018-08-21 20:14:42 -0300
Processing by PagesController#two as HTML
  Rendering pages/two.html.erb within layouts/application
  Rendered pages/two.html.erb within layouts/application (0.3ms)
Completed 200 OK in 55ms (Views: 31.6ms | ActiveRecord: 0.0ms)


Started GET "/pages/three" for 127.0.0.1 at 2018-08-21 20:16:57 -0300
Processing by PagesController#three as HTML
  Rendering pages/three.html.erb within layouts/application
  Rendered pages/three.html.erb within layouts/application (0.4ms)
Completed 200 OK in 18ms (Views: 15.7ms | ActiveRecord: 0.0ms)


Started GET "/pages/three" for 127.0.0.1 at 2018-08-21 20:18:15 -0300
Processing by PagesController#three as HTML
  Rendering pages/three.html.erb within layouts/application
  Rendered pages/three.html.erb within layouts/application (0.3ms)
Completed 200 OK in 30ms (Views: 25.1ms | ActiveRecord: 0.0ms)


Started GET "/pages/three" for 127.0.0.1 at 2018-08-21 20:20:32 -0300
Processing by PagesController#three as HTML
  Rendering pages/three.html.erb within layouts/application
  Rendered pages/three.html.erb within layouts/application (0.4ms)
Completed 200 OK in 37ms (Views: 33.4ms | ActiveRecord: 0.0ms)


Started GET "/pages/three" for 127.0.0.1 at 2018-08-21 20:21:02 -0300
Processing by PagesController#three as HTML
  Rendering pages/three.html.erb within layouts/application
  Rendered pages/three.html.erb within layouts/application (0.4ms)
Completed 200 OK in 35ms (Views: 30.2ms | ActiveRecord: 0.0ms)


Started GET "/pages/three" for 127.0.0.1 at 2018-08-21 20:21:45 -0300
Processing by PagesController#three as HTML
  Rendering pages/three.html.erb within layouts/application
  Rendered pages/three.html.erb within layouts/application (1.3ms)
Completed 200 OK in 35ms (Views: 31.4ms | ActiveRecord: 0.0ms)


Started GET "/pages/three" for 127.0.0.1 at 2018-08-21 20:22:34 -0300
Processing by PagesController#three as HTML
  Rendering pages/three.html.erb within layouts/application
  Rendered pages/three.html.erb within layouts/application (0.4ms)
Completed 200 OK in 27ms (Views: 23.5ms | ActiveRecord: 0.0ms)


Started GET "/pages/three" for 127.0.0.1 at 2018-08-21 20:25:17 -0300
Processing by PagesController#three as HTML
  Rendering pages/three.html.erb within layouts/application
  Rendered pages/three.html.erb within layouts/application (1.7ms)
Completed 500 Internal Server Error in 252ms (ActiveRecord: 0.0ms)


  
ActionView::Template::Error (undefined local variable or method `templates_path' for #<#<Class:0x007fd9b068af88>:0x007fd9ae44e578>):
    18:     <span class="navbar-toggler-icon"></span>
    19:   </button>
    20:   <div class="collapse navbar-collapse" id="navbarTogglerDemo01">
    21:     <a class="navbar-brand" href="<%= templates_path %>">firts_app</a>
    22:     <ul class="navbar-nav mr-auto mt-2 mt-lg-0">
    23:       <li class="nav-item active">
    24:         <a class="nav-link" href="<%= pages_one_path %>">one <span class="sr-only">(current)</span></a>
  
app/views/layouts/application.html.erb:21:in `_app_views_layouts_application_html_erb__2656752213593363710_70286452061700'
Started GET "/pages/three" for 127.0.0.1 at 2018-08-21 20:25:34 -0300
Processing by PagesController#three as HTML
  Rendering pages/three.html.erb within layouts/application
  Rendered pages/three.html.erb within layouts/application (0.4ms)
Completed 200 OK in 39ms (Views: 33.2ms | ActiveRecord: 0.0ms)


Started GET "/pages/one" for 127.0.0.1 at 2018-08-21 20:25:36 -0300
Processing by PagesController#one as HTML
  Rendering pages/one.html.erb within layouts/application
  Rendered pages/one.html.erb within layouts/application (0.5ms)
Completed 200 OK in 31ms (Views: 24.8ms | ActiveRecord: 0.0ms)


Started GET "/pages/one" for 127.0.0.1 at 2018-08-21 20:25:38 -0300
Processing by PagesController#one as HTML
  Rendering pages/one.html.erb within layouts/application
  Rendered pages/one.html.erb within layouts/application (0.5ms)
Completed 200 OK in 39ms (Views: 35.6ms | ActiveRecord: 0.0ms)


Started GET "/pages/one" for 127.0.0.1 at 2018-08-21 20:25:38 -0300
Processing by PagesController#one as HTML
  Rendering pages/one.html.erb within layouts/application
  Rendered pages/one.html.erb within layouts/application (0.4ms)
Completed 200 OK in 59ms (Views: 53.1ms | ActiveRecord: 0.0ms)


Started GET "/pages/one" for 127.0.0.1 at 2018-08-21 20:25:56 -0300
Processing by PagesController#one as HTML
  Rendering pages/one.html.erb within layouts/application
  Rendered pages/one.html.erb within layouts/application (0.6ms)
Completed 200 OK in 37ms (Views: 32.1ms | ActiveRecord: 0.0ms)


Started GET "/pages/three" for 127.0.0.1 at 2018-08-21 20:25:58 -0300
Processing by PagesController#three as HTML
  Rendering pages/three.html.erb within layouts/application
  Rendered pages/three.html.erb within layouts/application (0.4ms)
Completed 200 OK in 48ms (Views: 45.0ms | ActiveRecord: 0.0ms)


Started GET "/pages/two" for 127.0.0.1 at 2018-08-21 20:25:59 -0300
Processing by PagesController#two as HTML
  Rendering pages/two.html.erb within layouts/application
  Rendered pages/two.html.erb within layouts/application (0.3ms)
Completed 200 OK in 39ms (Views: 32.9ms | ActiveRecord: 0.0ms)


Started GET "/pages/one" for 127.0.0.1 at 2018-08-21 20:26:00 -0300
Processing by PagesController#one as HTML
  Rendering pages/one.html.erb within layouts/application
  Rendered pages/one.html.erb within layouts/application (0.5ms)
Completed 200 OK in 44ms (Views: 39.3ms | ActiveRecord: 0.0ms)


Started GET "/pages/one" for 127.0.0.1 at 2018-08-21 20:26:01 -0300
Processing by PagesController#one as HTML
  Rendering pages/one.html.erb within layouts/application
  Rendered pages/one.html.erb within layouts/application (0.4ms)
Completed 200 OK in 31ms (Views: 27.5ms | ActiveRecord: 0.0ms)


Started GET "/pages/three" for 127.0.0.1 at 2018-08-21 20:26:03 -0300
Processing by PagesController#three as HTML
  Rendering pages/three.html.erb within layouts/application
  Rendered pages/three.html.erb within layouts/application (0.4ms)
Completed 200 OK in 30ms (Views: 27.7ms | ActiveRecord: 0.0ms)


Started GET "/pages/one" for 127.0.0.1 at 2018-08-21 20:26:04 -0300
Processing by PagesController#one as HTML
  Rendering pages/one.html.erb within layouts/application
  Rendered pages/one.html.erb within layouts/application (0.3ms)
Completed 200 OK in 30ms (Views: 27.6ms | ActiveRecord: 0.0ms)


Started GET "/pages/one" for 127.0.0.1 at 2018-08-21 20:26:40 -0300
Processing by PagesController#one as HTML
  Rendering pages/one.html.erb within layouts/application
  Rendered pages/one.html.erb within layouts/application (0.3ms)
Completed 200 OK in 26ms (Views: 22.0ms | ActiveRecord: 0.0ms)


Started GET "/pages/one" for 127.0.0.1 at 2018-08-21 20:28:07 -0300
Processing by PagesController#one as HTML
  Rendering pages/one.html.erb within layouts/application
  Rendered pages/one.html.erb within layouts/application (0.5ms)
Completed 200 OK in 49ms (Views: 44.2ms | ActiveRecord: 0.0ms)


Started GET "/pages/one" for 127.0.0.1 at 2018-08-21 20:44:27 -0300
Processing by PagesController#one as HTML
  Rendering pages/one.html.erb within layouts/application
  Rendered pages/one.html.erb within layouts/application (3.5ms)
Completed 200 OK in 72ms (Views: 62.2ms | ActiveRecord: 0.0ms)


